{"logLevel":"debug","message":"multithreading is set to false"}
{"logLevel":"debug","message":"Using reflection to scan dependencies for gauge implementations..."}
log4j:WARN No appenders could be found for logger (io.grpc.netty.shaded.io.netty.util.internal.PlatformDependent).
log4j:WARN Please initialize the log4j system properly.
log4j:WARN See http://logging.apache.org/log4j/1.2/faq.html#noconfig for more info.
{"logLevel":"debug","message":"gauge-java took 414milliseconds to load and scan. This should be less than 'runner_connection_timeout' config value."}
{"logLevel":"debug","message":"run 'gauge config runner_connection_timeout' and verify that it is < 414"}
{"logLevel":"debug","message":"starting gRPC server..."}
{"logLevel":"debug","message":"started gRPC server on port 54412"}
{"logLevel":"info","message":"Listening on port:54412"}
{"logLevel":"debug","message":"Scanning packages for steps"}
{"logLevel":"debug","message":"Comparing 'org.example.StepImplementation.selectRandomProductSize' and 'org.example.StepImplementation.selectRandomProductSize'"}
{"logLevel":"debug","message":"Found Rastgele bir beden seçilir in current project scope."}
{"logLevel":"debug","message":"Comparing 'org.example.StepImplementation.clickToExitButton' and 'org.example.StepImplementation.clickToExitButton'"}
{"logLevel":"debug","message":"Found Hesaptan cikis yapilir in current project scope."}
{"logLevel":"debug","message":"Comparing 'org.example.StepImplementation.loginPermission' and 'org.example.StepImplementation.loginPermission'"}
{"logLevel":"debug","message":"Found Trendyol sayfasi acilir in current project scope."}
{"logLevel":"debug","message":"Comparing 'org.example.StepImplementation.addProductToTheCart' and 'org.example.StepImplementation.addProductToTheCart'"}
{"logLevel":"debug","message":"Found Sepete urun eklenir in current project scope."}
{"logLevel":"debug","message":"Comparing 'org.example.StepImplementation.closePopups' and 'org.example.StepImplementation.closePopups'"}
{"logLevel":"debug","message":"Found Pop-up'lari kapat in current project scope."}
{"logLevel":"debug","message":"Comparing 'org.example.StepImplementation.searchForBurgundyBoot' and 'org.example.StepImplementation.searchForBurgundyBoot'"}
{"logLevel":"debug","message":"Found Bordo cizme aratilir in current project scope."}
{"logLevel":"debug","message":"Comparing 'org.example.StepImplementation.clickToLayoutAccountButton' and 'org.example.StepImplementation.clickToLayoutAccountButton'"}
{"logLevel":"debug","message":"Found Hesap ayarlarina gidilir in current project scope."}
{"logLevel":"debug","message":"Comparing 'org.example.StepImplementation.addProductToTheCart2' and 'org.example.StepImplementation.addProductToTheCart2'"}
{"logLevel":"debug","message":"Found Rastgele secilen beden sepete eklenir in current project scope."}
{"logLevel":"debug","message":"Comparing 'org.example.StepImplementation.genderButton' and 'org.example.StepImplementation.genderButton'"}
{"logLevel":"debug","message":"Found Cinsiyet secilir in current project scope."}
{"logLevel":"debug","message":"Comparing 'org.example.StepImplementation.clickToMyAccountButton' and 'org.example.StepImplementation.clickToMyAccountButton'"}
{"logLevel":"debug","message":"Found Hesabima gidilir in current project scope."}
{"logLevel":"debug","message":"Comparing 'org.example.StepImplementation.verifyBasket' and 'org.example.StepImplementation.verifyBasket'"}
{"logLevel":"debug","message":"Found Sepetin bos oldugu kontrol edilir in current project scope."}
{"logLevel":"debug","message":"Comparing 'org.example.StepImplementation.LogInButton' and 'org.example.StepImplementation.LogInButton'"}
{"logLevel":"debug","message":"Found Giris yap butonuna tiklanir in current project scope."}
{"logLevel":"debug","message":"Comparing 'org.example.StepImplementation.goToTheCart' and 'org.example.StepImplementation.goToTheCart'"}
{"logLevel":"debug","message":"Found Sepete gidilir in current project scope."}
{"logLevel":"debug","message":"Comparing 'org.example.StepImplementation.selectRandomProduct' and 'org.example.StepImplementation.selectRandomProduct'"}
{"logLevel":"debug","message":"Found Rastgele bir ürün seçilir in current project scope."}
{"logLevel":"debug","message":"Comparing 'org.example.StepImplementation.passwordText' and 'org.example.StepImplementation.passwordText'"}
{"logLevel":"debug","message":"Found Sifre yazilir in current project scope."}
{"logLevel":"debug","message":"Comparing 'org.example.StepImplementation.scrollDownPage' and 'org.example.StepImplementation.scrollDownPage'"}
{"logLevel":"debug","message":"Found Sayfayı aşağı kaydır in current project scope."}
{"logLevel":"debug","message":"Comparing 'org.example.StepImplementation.clickToHomeButton' and 'org.example.StepImplementation.clickToHomeButton'"}
{"logLevel":"debug","message":"Found Anasayfa'ya gidilir in current project scope."}
{"logLevel":"debug","message":"Comparing 'org.example.StepImplementation.waitWitSeconds' and 'org.example.StepImplementation.waitWitSeconds'"}
{"logLevel":"debug","message":"Found {} saniye kadar beklenir in current project scope."}
{"logLevel":"debug","message":"Comparing 'org.example.StepImplementation.LogInAccount' and 'org.example.StepImplementation.LogInAccount'"}
{"logLevel":"debug","message":"Found Kullanici adi yazilir in current project scope."}
{"logLevel":"debug","message":"Comparing 'org.example.StepImplementation.closePopup' and 'org.example.StepImplementation.closePopup'"}
{"logLevel":"debug","message":"Found PopUp kapatilir in current project scope."}
{"logLevel":"debug","message":"Comparing 'org.example.StepImplementation.clickLogIn' and 'org.example.StepImplementation.clickLogIn'"}
{"logLevel":"debug","message":"Found Hesaba tiklanir in current project scope."}
{"logLevel":"debug","message":"Comparing 'org.example.StepImplementation.scrollDownPage2' and 'org.example.StepImplementation.scrollDownPage2'"}
{"logLevel":"debug","message":"Found Sayfayı aşağı kaydır2 in current project scope."}
{"logLevel":"debug","message":"Comparing 'org.example.StepImplementation.removeProductFromTheCart' and 'org.example.StepImplementation.removeProductFromTheCart'"}
{"logLevel":"debug","message":"Found Urun silinir in current project scope."}
{"logLevel":"debug","message":"Comparing 'org.example.StepImplementation.clickToSearchButton' and 'org.example.StepImplementation.clickToSearchButton'"}
{"logLevel":"debug","message":"Found Arama butonuna tiklanir in current project scope."}
{"logLevel":"debug","message":"Scanning packages for hooks"}
{"logLevel":"debug","message":"Scanned steps (using static parsing + reflections): "}
{"logLevel":"debug","message":"\tSayfayı aşağı kaydır2 : public void scrollDownPage2()"}
{"logLevel":"debug","message":"\tGiris yap butonuna tiklanir : public void LogInButton()"}
{"logLevel":"debug","message":"\tBordo cizme aratilir : public void searchForBurgundyBoot()"}
{"logLevel":"debug","message":"\tTrendyol sayfasi acilir : public void loginPermission()"}
{"logLevel":"debug","message":"\t{} saniye kadar beklenir : public void waitWitSeconds(ınt Key) throws InterruptedException"}
{"logLevel":"debug","message":"\tArama butonuna tiklanir : public void clickToSearchButton()"}
{"logLevel":"debug","message":"\tSifre yazilir : public void passwordText()"}
{"logLevel":"debug","message":"\tSepetin bos oldugu kontrol edilir : public void verifyBasket()"}
{"logLevel":"debug","message":"\tSepete urun eklenir : public void addProductToTheCart()"}
{"logLevel":"debug","message":"\tHesaba tiklanir : public void clickLogIn()"}
{"logLevel":"debug","message":"\tKullanici adi yazilir : public void LogInAccount()"}
{"logLevel":"debug","message":"\tAnasayfa'ya gidilir : public void clickToHomeButton()"}
{"logLevel":"debug","message":"\tRastgele bir ürün seçilir : public void selectRandomProduct()"}
{"logLevel":"debug","message":"\tHesap ayarlarina gidilir : public void clickToLayoutAccountButton()"}
{"logLevel":"debug","message":"\tHesaptan cikis yapilir : public void clickToExitButton()"}
{"logLevel":"debug","message":"\tPopUp kapatilir : public void closePopup()"}
{"logLevel":"debug","message":"\tPop-up'lari kapat : public void closePopups()"}
{"logLevel":"debug","message":"\tSayfayı aşağı kaydır : public void scrollDownPage()"}
{"logLevel":"debug","message":"\tRastgele bir beden seçilir : public void selectRandomProductSize()"}
{"logLevel":"debug","message":"\tRastgele secilen beden sepete eklenir : public void addProductToTheCart2()"}
{"logLevel":"debug","message":"\tCinsiyet secilir : public void genderButton()"}
{"logLevel":"debug","message":"\tHesabima gidilir : public void clickToMyAccountButton()"}
{"logLevel":"debug","message":"\tUrun silinir : public void removeProductFromTheCart()"}
{"logLevel":"debug","message":"\tSepete gidilir : public void goToTheCart()"}
....Android baslatildi....
Ara 25, 2023 5:21:05 ÖS io.appium.java_client.remote.AppiumCommandExecutor$1 lambda$0
INFO: Detected dialect: W3C
{"logLevel":"debug","message":"Executing 'Trendyol sayfasi acilir' using 'class org.example.StepImplementation.loginPermission"}
[31m2023-12-25 17:21:06,436 +03:00 ERROR StepImplementation:34 loginPermission - Tıklama sırasında hata oluştu
[m org.openqa.selenium.NoSuchElementException: An element could not be located on the page using the given search parameters.
For documentation on this error, please visit: https://www.seleniumhq.org/exceptions/no_such_element.html
Build info: version: '3.141.59', revision: 'e82be7d358', time: '2018-11-14T08:17:03'
System info: host: 'ip-10-1-32-117.eu-central-1.compute.internal', ip: 'fe80:0:0:0:18c7:e4df:9804:5f7%en0', os.name: 'Mac OS X', os.arch: 'aarch64', os.version: '12.2.1', java.version: '21'
Driver info: io.appium.java_client.android.AndroidDriver
Capabilities {appActivity: com.trendyol.common.splash...., appPackage: trendyol.com, autoGrantPermissions: true, databaseEnabled: false, desired: {appActivity: com.trendyol.common.splash...., appPackage: trendyol.com, autoGrantPermissions: true, deviceName: emulator-5554, newCommandTimeout: 3000, platformName: android}, deviceApiLevel: 30, deviceManufacturer: Google, deviceModel: sdk_gphone_arm64, deviceName: emulator-5554, deviceScreenDensity: 440, deviceScreenSize: 1080x2280, deviceUDID: emulator-5554, javascriptEnabled: true, locationContextEnabled: false, networkConnectionEnabled: true, newCommandTimeout: 3000, pixelRatio: 2.75, platform: LINUX, platformName: Android, platformVersion: 11, statBarHeight: 83, takesScreenshot: true, viewportRect: {height: 2065, left: 0, top: 83, width: 1080}, warnings: {}, webStorageEnabled: false}
Session ID: 113d7367-ed7b-4583-a1a6-ae8d59db7b14
*** Element info: {Using=id, value=trendyol.com:id/tab_account}
	at jdk.internal.reflect.DirectConstructorHandleAccessor.newInstance(DirectConstructorHandleAccessor.java:62) ~[?:?]
	at java.lang.reflect.Constructor.newInstanceWithCaller(Constructor.java:502) ~[?:?]
	at java.lang.reflect.Constructor.newInstance(Constructor.java:486) ~[?:?]
	at org.openqa.selenium.remote.http.W3CHttpResponseCodec.createException(W3CHttpResponseCodec.java:187) ~[selenium-remote-driver-3.141.59.jar:?]
	at org.openqa.selenium.remote.http.W3CHttpResponseCodec.decode(W3CHttpResponseCodec.java:122) ~[selenium-remote-driver-3.141.59.jar:?]
	at org.openqa.selenium.remote.http.W3CHttpResponseCodec.decode(W3CHttpResponseCodec.java:49) ~[selenium-remote-driver-3.141.59.jar:?]
	at org.openqa.selenium.remote.HttpCommandExecutor.execute(HttpCommandExecutor.java:158) ~[selenium-remote-driver-3.141.59.jar:?]
	at io.appium.java_client.remote.AppiumCommandExecutor.execute(AppiumCommandExecutor.java:239) ~[java-client-7.3.0.jar:?]
	at org.openqa.selenium.remote.RemoteWebDriver.execute(RemoteWebDriver.java:552) ~[selenium-remote-driver-3.141.59.jar:?]
	at io.appium.java_client.DefaultGenericMobileDriver.execute(DefaultGenericMobileDriver.java:41) ~[java-client-7.3.0.jar:?]
	at io.appium.java_client.AppiumDriver.execute(AppiumDriver.java:1) ~[java-client-7.3.0.jar:?]
	at io.appium.java_client.android.AndroidDriver.execute(AndroidDriver.java:1) ~[java-client-7.3.0.jar:?]
	at org.openqa.selenium.remote.RemoteWebDriver.findElement(RemoteWebDriver.java:323) ~[selenium-remote-driver-3.141.59.jar:?]
	at io.appium.java_client.DefaultGenericMobileDriver.findElement(DefaultGenericMobileDriver.java:61) ~[java-client-7.3.0.jar:?]
	at io.appium.java_client.AppiumDriver.findElement(AppiumDriver.java:1) ~[java-client-7.3.0.jar:?]
	at io.appium.java_client.android.AndroidDriver.findElement(AndroidDriver.java:1) ~[java-client-7.3.0.jar:?]
	at org.openqa.selenium.remote.RemoteWebDriver.findElementById(RemoteWebDriver.java:372) ~[selenium-remote-driver-3.141.59.jar:?]
	at io.appium.java_client.DefaultGenericMobileDriver.findElementById(DefaultGenericMobileDriver.java:69) ~[java-client-7.3.0.jar:?]
	at io.appium.java_client.AppiumDriver.findElementById(AppiumDriver.java:1) ~[java-client-7.3.0.jar:?]
	at io.appium.java_client.android.AndroidDriver.findElementById(AndroidDriver.java:1) ~[java-client-7.3.0.jar:?]
	at org.openqa.selenium.By$ById.findElement(By.java:188) ~[selenium-api-3.141.59.jar:?]
	at org.openqa.selenium.remote.RemoteWebDriver.findElement(RemoteWebDriver.java:315) ~[selenium-remote-driver-3.141.59.jar:?]
	at io.appium.java_client.DefaultGenericMobileDriver.findElement(DefaultGenericMobileDriver.java:57) ~[java-client-7.3.0.jar:?]
	at io.appium.java_client.AppiumDriver.findElement(AppiumDriver.java:1) ~[java-client-7.3.0.jar:?]
	at io.appium.java_client.android.AndroidDriver.findElement(AndroidDriver.java:1) ~[java-client-7.3.0.jar:?]
	at org.openqa.selenium.support.ui.ExpectedConditions$7.apply(ExpectedConditions.java:205) ~[selenium-support-3.141.59.jar:?]
	at org.openqa.selenium.support.ui.ExpectedConditions$7.apply(ExpectedConditions.java:201) ~[selenium-support-3.141.59.jar:?]
	at org.openqa.selenium.support.ui.ExpectedConditions$22.apply(ExpectedConditions.java:641) ~[selenium-support-3.141.59.jar:?]
	at org.openqa.selenium.support.ui.ExpectedConditions$22.apply(ExpectedConditions.java:638) ~[selenium-support-3.141.59.jar:?]
	at org.openqa.selenium.support.ui.FluentWait.until(FluentWait.java:249) ~[selenium-support-3.141.59.jar:?]
	at org.example.methods.Methods.waitForElementToBeClickable(Methods.java:92) ~[test-classes/:?]
	at org.example.StepImplementation.loginPermission(StepImplementation.java:26) ~[test-classes/:?]
	at jdk.internal.reflect.DirectMethodHandleAccessor.invoke(DirectMethodHandleAccessor.java:103) ~[?:?]
	at java.lang.reflect.Method.invoke(Method.java:580) ~[?:?]
	at com.thoughtworks.gauge.execution.MethodExecutor.execute(MethodExecutor.java:30) ~[gauge-java-0.9.1.jar:?]
	at com.thoughtworks.gauge.execution.StepExecutionStage.executeStepMethod(StepExecutionStage.java:66) ~[gauge-java-0.9.1.jar:?]
	at com.thoughtworks.gauge.execution.StepExecutionStage.executeStep(StepExecutionStage.java:59) ~[gauge-java-0.9.1.jar:?]
	at com.thoughtworks.gauge.execution.StepExecutionStage.execute(StepExecutionStage.java:41) ~[gauge-java-0.9.1.jar:?]
	at com.thoughtworks.gauge.execution.AbstractExecutionStage.executeNext(AbstractExecutionStage.java:14) ~[gauge-java-0.9.1.jar:?]
	at com.thoughtworks.gauge.execution.HookExecutionStage.execute(HookExecutionStage.java:33) ~[gauge-java-0.9.1.jar:?]
	at com.thoughtworks.gauge.execution.ExecutionPipeline.start(ExecutionPipeline.java:19) ~[gauge-java-0.9.1.jar:?]
	at com.thoughtworks.gauge.processor.ExecuteStepProcessor.process(ExecuteStepProcessor.java:44) ~[gauge-java-0.9.1.jar:?]
	at com.thoughtworks.gauge.RunnerServiceHandler.lambda$executeStep$7(RunnerServiceHandler.java:166) ~[gauge-java-0.9.1.jar:?]
	at java.util.concurrent.ThreadPoolExecutor.runWorker(ThreadPoolExecutor.java:1144) ~[?:?]
	at java.util.concurrent.ThreadPoolExecutor$Worker.run(ThreadPoolExecutor.java:642) ~[?:?]
	at java.lang.Thread.run(Thread.java:1583) ~[?:?]
{"logLevel":"debug","message":"Executing 'Cinsiyet secilir' using 'class org.example.StepImplementation.genderButton"}
...Test bitti...
{"logLevel":"debug","message":"Killing Java runner..."}
{"logLevel":"debug","message":"Stopping execution pool..."}
{"logLevel":"debug","message":"Shutting down grpc server..."}
